[13:11:51.842] [INFO] Storybook Upgrade - v10.0.8
[13:11:51.909] [INFO] detect-projects-spinner-start: Detecting projects...
[13:11:51.911] [DEBUG] Finding Storybook projects...
[13:11:52.037] [DEBUG] Found 1 Storybook projects
[13:11:52.056] [INFO] detect-projects-spinner: Detecting projects: 1 projects
[13:11:52.056] [DEBUG] Getting Storybook data...
[13:11:52.056] [DEBUG] Getting Storybook info...
[13:11:52.069] [DEBUG] Loading main config...
[13:11:53.472] [DEBUG] Getting stories paths...
[13:11:53.539] [DEBUG] Getting package manager...
[13:11:54.058] [DEBUG] Getting Storybook version...
[13:11:54.059] [DEBUG] C:/Users/Arthur/Sync/@packages/svelte-object/.storybook - Validating before version... 9.1.10
[13:11:54.059] [DEBUG] C:/Users/Arthur/Sync/@packages/svelte-object/.storybook - Validating upgrade compatibility...
[13:11:54.059] [DEBUG] C:/Users/Arthur/Sync/@packages/svelte-object/.storybook - Fetching NPM version information...
[13:11:54.059] [DEBUG] Getting CLI versions from NPM for storybook...
[13:11:54.067] [DEBUG] Getting CLI versions from NPM for storybook@next...
[13:11:55.216] [DEBUG] C:/Users/Arthur/Sync/@packages/svelte-object/.storybook - Evaluating blockers...
[13:11:55.252] [DEBUG] Getting installed version for @storybook/experimental-addon-test...
[13:11:57.269] [DEBUG] An issue occurred while trying to find dependencies metadata using npm.
[13:11:57.269] [INFO] detect-projects-spinner-stop: 1 project detected
[13:11:57.270] [DEBUG] Found 1 valid projects and 0 error projects
[13:11:57.270] [INFO] Upgrading from 9.1.10 to 10.0.8
[13:11:57.322] [INFO] upgrade-dependencies-task-start: Fetching versions to update package.json files..
[13:11:57.323] [DEBUG] Updating dependencies in C:/Users/Arthur/Sync/@packages/svelte-object/.storybook...
[13:11:57.373] [INFO] upgrade-dependencies-task: C:/Users/Arthur/Sync/@packages/svelte-object/package.json
[13:11:57.374] [DEBUG] {
  "upgradedDependencies": []
}
[13:11:57.374] [DEBUG] {
  "upgradedDevDependencies": []
}
[13:11:57.374] [DEBUG] {
  "upgradedPeerDependencies": []
}
[13:11:57.384] [INFO] upgrade-dependencies-task-success: Updated package versions in package.json files
[13:11:57.385] [INFO] detect-automigrations-task-start: Detecting automigrations...
[13:11:57.386] [DEBUG] Starting automigration collection across 1 projects and 18 fixes...
[13:11:57.430] [INFO] detect-automigrations-task: Checking automigrations for
C:/Users/Arthur/Sync/@packages/svelte-object/.storybook...
[13:11:57.430] [DEBUG] Processing project: C:/Users/Arthur/Sync/@packages/svelte-object/.storybook
[13:11:57.430] [DEBUG] Checking fix eslintPlugin for project C:/Users/Arthur/Sync/@packages/svelte-object/.storybook...
[13:11:57.431] [DEBUG] Checking fix addon-mdx-gfm-remove for project C:/Users/Arthur/Sync/@packages/svelte-object/.storybook...
[13:11:57.432] [DEBUG] Checking fix addon-storysource-code-panel for project C:/Users/Arthur/Sync/@packages/svelte-object/.storybook...
[13:11:57.432] [DEBUG] Checking fix upgrade-storybook-related-dependencies for project C:/Users/Arthur/Sync/@packages/svelte-object/.storybook...
[13:11:57.432] [DEBUG] Checking for incompatible storybook packages...
[13:11:57.433] [DEBUG] Checking fix initial-globals for project C:/Users/Arthur/Sync/@packages/svelte-object/.storybook...
[13:11:57.456] [DEBUG] Checking fix addon-globals-api for project C:/Users/Arthur/Sync/@packages/svelte-object/.storybook...
[13:11:57.460] [DEBUG] Checking fix addon-a11y-addon-test for project C:/Users/Arthur/Sync/@packages/svelte-object/.storybook...
[13:11:57.461] [DEBUG] Checking fix consolidated-imports for project C:/Users/Arthur/Sync/@packages/svelte-object/.storybook...
[13:11:57.461] [DEBUG] Checking fix addon-experimental-test for project C:/Users/Arthur/Sync/@packages/svelte-object/.storybook...
[13:11:57.461] [DEBUG] Using cached installed version for @storybook/experimental-addon-test...
[13:11:57.461] [DEBUG] Checking fix rnstorybook-config for project C:/Users/Arthur/Sync/@packages/svelte-object/.storybook...
[13:11:57.462] [DEBUG] Checking fix migrate-addon-console for project C:/Users/Arthur/Sync/@packages/svelte-object/.storybook...
[13:11:57.462] [DEBUG] Checking fix remove-addon-interactions for project C:/Users/Arthur/Sync/@packages/svelte-object/.storybook...
[13:11:57.462] [DEBUG] Checking fix renderer-to-framework for project C:/Users/Arthur/Sync/@packages/svelte-object/.storybook...
[13:11:57.463] [DEBUG] Checking fix remove-essential-addons for project C:/Users/Arthur/Sync/@packages/svelte-object/.storybook...
[13:11:57.463] [DEBUG] Checking fix addon-a11y-parameters for project C:/Users/Arthur/Sync/@packages/svelte-object/.storybook...
[13:11:57.465] [DEBUG] Checking fix remove-docs-autodocs for project C:/Users/Arthur/Sync/@packages/svelte-object/.storybook...
[13:11:57.473] [DEBUG] Checking fix wrap-getAbsolutePath for project C:/Users/Arthur/Sync/@packages/svelte-object/.storybook...
[13:11:57.480] [DEBUG] Checking fix fix-faux-esm-require for project C:/Users/Arthur/Sync/@packages/svelte-object/.storybook...
[13:11:57.522] [INFO] detect-automigrations-task: 
Automigrations detected:
[13:11:57.577] [INFO] detect-automigrations-task: ✔ eslintPlugin
[13:11:57.631] [INFO] detect-automigrations-task: ✔ wrap-getAbsolutePath
[13:11:57.631] [INFO] detect-automigrations-task-success: 2 automigration(s) detected
[13:12:15.970] [PROMPT] Select automigrations to run {"choice":["wrap-getAbsolutePath"]}
[13:12:15.971] [INFO] automigrate-C:/Users/Arthur/Sync/@packages/svelte-object/.storybook-task-start: Running automigrations for C:/Users/Arthur/Sync/@packages/svelte-object/.storybook
[13:12:16.045] [INFO] automigrate-C:/Users/Arthur/Sync/@packages/svelte-object/.storybook-task: ✔ wrap-getAbsolutePath
[13:12:16.045] [INFO] automigrate-C:/Users/Arthur/Sync/@packages/svelte-object/.storybook-task-success: Completed automigrations for C:/Users/Arthur/Sync/@packages/svelte-object/.storybook
[13:12:16.045] [INFO] Installing dependencies...
[13:12:16.046] [INFO] install-dependencies-task-start: Installing dependencies...
[13:12:16.264] [INFO] Dependencies installed
[13:12:16.264] [INFO] install-dependencies-task-success: Dependencies installed
[13:12:16.267] [WARN] Since you are in a monorepo, we advise you to deduplicate your dependencies. We can do this for you but it might take some time.
[13:12:20.709] [PROMPT] Execute bun run dedupe? {"choice":true}
[13:12:20.709] [INFO] Deduplicating dependencies...
[13:12:20.709] [INFO] dedupe-dependencies-task-start: Deduplicating dependencies...
[13:12:20.764] [ERROR] An error occurred while deduplicating dependencies. {"error":"Error: Command failed with exit code 1: bun dedupe\nerror: Script not found \"dedupe\"\n    at makeError (file:///C:/Users/Arthur/AppData/Local/npm-cache/_npx/35296d5896917b91/node_modules/storybook/dist/_node-chunks/chunk-F6NUZ463.js:3655:13)\n    at handlePromise (file:///C:/Users/Arthur/AppData/Local/npm-cache/_npx/35296d5896917b91/node_modules/storybook/dist/_node-chunks/chunk-F6NUZ463.js:4586:29)\n    at process.processTicksAndRejections (node:internal/process/task_queues:105:5)\n    at async Object.executeTask (file:///C:/Users/Arthur/AppData/Local/npm-cache/_npx/35296d5896917b91/node_modules/storybook/dist/node-logger/index.js:4418:7)\n    at async BUNProxy.dedupeDependencies (file:///C:/Users/Arthur/AppData/Local/npm-cache/_npx/35296d5896917b91/node_modules/storybook/dist/_node-chunks/chunk-FYLSDVSH.js:11258:5)\n    at async file:///C:/Users/Arthur/AppData/Local/npm-cache/_npx/35296d5896917b91/node_modules/@storybook/cli/dist/_node-chunks/run-TLOFK5QH.js:11305:15\n    at async withTelemetry (file:///C:/Users/Arthur/AppData/Local/npm-cache/_npx/35296d5896917b91/node_modules/storybook/dist/_node-chunks/chunk-TKXE3RQ5.js:278:12)\n    at async upgrade (file:///C:/Users/Arthur/AppData/Local/npm-cache/_npx/35296d5896917b91/node_modules/@storybook/cli/dist/_node-chunks/run-TLOFK5QH.js:11201:3)\n    at async Command.<anonymous> (file:///C:/Users/Arthur/AppData/Local/npm-cache/_npx/35296d5896917b91/node_modules/@storybook/cli/dist/_node-chunks/run-TLOFK5QH.js:11451:3)"}
[13:12:20.764] [ERROR] dedupe-dependencies-task-error: An error occurred while deduplicating dependencies.
[13:12:20.765] [ERROR] Error: Command failed with exit code 1: bun dedupe
error: Script not found "dedupe"
    at makeError (file:///C:/Users/Arthur/AppData/Local/npm-cache/_npx/35296d5896917b91/node_modules/storybook/dist/_node-chunks/chunk-F6NUZ463.js:3655:13)
    at handlePromise (file:///C:/Users/Arthur/AppData/Local/npm-cache/_npx/35296d5896917b91/node_modules/storybook/dist/_node-chunks/chunk-F6NUZ463.js:4586:29)
    at process.processTicksAndRejections (node:internal/process/task_queues:105:5)
    at async Object.executeTask (file:///C:/Users/Arthur/AppData/Local/npm-cache/_npx/35296d5896917b91/node_modules/storybook/dist/node-logger/index.js:4418:7)
    at async BUNProxy.dedupeDependencies (file:///C:/Users/Arthur/AppData/Local/npm-cache/_npx/35296d5896917b91/node_modules/storybook/dist/_node-chunks/chunk-FYLSDVSH.js:11258:5)
    at async file:///C:/Users/Arthur/AppData/Local/npm-cache/_npx/35296d5896917b91/node_modules/@storybook/cli/dist/_node-chunks/run-TLOFK5QH.js:11305:15
    at async withTelemetry (file:///C:/Users/Arthur/AppData/Local/npm-cache/_npx/35296d5896917b91/node_modules/storybook/dist/_node-chunks/chunk-TKXE3RQ5.js:278:12)
    at async upgrade (file:///C:/Users/Arthur/AppData/Local/npm-cache/_npx/35296d5896917b91/node_modules/@storybook/cli/dist/_node-chunks/run-TLOFK5QH.js:11201:3)
    at async Command.<anonymous> (file:///C:/Users/Arthur/AppData/Local/npm-cache/_npx/35296d5896917b91/node_modules/@storybook/cli/dist/_node-chunks/run-TLOFK5QH.js:11451:3)
[13:12:20.814] [INFO] Attention: Storybook now collects completely anonymous telemetry regarding usage. This information is used to shape Storybook's roadmap and prioritize features.
[13:12:20.860] [INFO] You can learn more, including how to opt-out if you'd not like to participate in this anonymous program, by visiting the following URL:
[13:12:20.905] [INFO] https://storybook.js.org/telemetry
[13:12:20.950] [INFO] 
[13:12:21.854] [ERROR] Error: Command failed with exit code 1: bun dedupe
error: Script not found "dedupe"